<?xml version="1.0" encoding="UTF-8"?>
<!-- Generated by org.testng.reporters.JUnitReportReporter -->
<testsuite hostname="Lenovo-PC" name="com.flipkart.qa.testcases.FlipkartTestcases" tests="1" failures="0" timestamp="13 Dec 2020 11:02:16 GMT" time="52.886" errors="0">
  <testcase name="FlipkartCases" time="52.886" classname="com.flipkart.qa.testcases.FlipkartTestcases"/>
</testsuite> <!-- com.flipkart.qa.testcases.FlipkartTestcases -->
