<?xml version="1.0" encoding="UTF-8"?>
<!-- Generated by org.testng.reporters.JUnitReportReporter -->
<testsuite hostname="Lenovo-PC" name="com.flipkart.qa.testcases.FlipkartTestcases" tests="1" failures="0" timestamp="13 Dec 2020 10:15:58 GMT" time="58.678" errors="0">
  <testcase name="FlipkartCases" time="58.678" classname="com.flipkart.qa.testcases.FlipkartTestcases"/>
</testsuite> <!-- com.flipkart.qa.testcases.FlipkartTestcases -->
